2016-03-08 10:21:17  [log4j_demo] (main:) # # # # # # # # # # # # # # # # # # # # # # # # # # # 
2016-03-08 10:21:17  [log4j_demo] (main:) TEST Has Started
2016-03-08 10:22:34  [log4j_demo] (main:) # # # # # # # # # # # # # # # # # # # # # # # # # # # 
2016-03-08 10:22:34  [log4j_demo] (main:) TEST Has Started
2016-03-08 10:23:02  [log4j_demo] (main:) # # # # # # # # # # # # # # # # # # # # # # # # # # # 
2016-03-08 10:23:02  [log4j_demo] (main:) TEST Has Started
2016-03-08 10:24:56  [log4j_demo] (main:) Open Calc Application
2016-03-08 10:29:27  [log4j_demo] (main:) # # # # # # # # # # # # # # # # # # # # # # # # # # # 
2016-03-08 10:29:27  [log4j_demo] (main:) TEST Has Started
2016-03-08 10:29:34  [log4j_demo] (main:) 打开易订货登录页面
2016-03-08 10:29:34  [log4j_demo] (main:) 清除易订货登录的用户名内容
2016-03-08 10:29:34  [log4j_demo] (main:) 输入登录账号
2016-03-08 10:29:34  [log4j_demo] (main:) # # # # # # # # # # # # # # # # # # # # # # # # # # # 
2016-03-08 10:39:21  [log4j_demo] (main:) # # # # # # # # # # # # # # # # # # # # # # # # # # # 
2016-03-08 10:39:21  [log4j_demo] (main:) TEST Has Started
2016-03-08 10:39:28  [log4j_demo] (main:) 打开易订货登录页面
2016-03-08 10:39:28  [log4j_demo] (main:) 清除易订货登录的用户名内容
2016-03-08 10:39:28  [log4j_demo] (main:) 输入登录账号
2016-03-08 10:39:28  [log4j_demo] (main:) # # # # # # # # # # # # # # # # # # # # # # # # # # # 
2016-03-08 10:39:28  [log4j_demo] (main:) 输入用户登录密码
2016-03-08 10:39:28  [log4j_demo] (main:) # # # # # # # # # # # # # # # # # # # # # # # # # # # 
2016-03-08 10:39:28  [log4j_demo] (main:) 点击登录操作！！！
2016-03-08 10:39:28  [log4j_demo] (main:) # # # # # # # # # # # # # # # # # # # # # # # # # # # 
2016-03-08 10:39:29  [log4j_demo] (main:) 进程休眠1秒钟######
2016-03-08 10:39:31  [log4j_demo] (main:) 登录易订货系统成功
2016-03-08 10:39:31  [log4j_demo] (main:) # # # # # # # # # # # # # # # # # # # # # # # # # # # 
